Build started 11/26/2013 11:00:36 AM.
     1>Project "C:\Users\Ruben Garza\Documents\Facultad\Tercero\Estructura de datos\WordCloud\WordCloud\WordCloud.vcxproj" on node 2 (build target(s)).
     1>InitializeBuildStatus:
         Creating "Debug\WordCloud.unsuccessfulbuild" because "AlwaysCreate" was specified.
       GenerateTargetFrameworkMonikerAttribute:
       Skipping target "GenerateTargetFrameworkMonikerAttribute" because all output files are up-to-date with respect to the input files.
       ClCompile:
         All outputs are up-to-date.
         c:\Program Files (x86)\Microsoft Visual Studio 10.0\VC\bin\CL.exe /c /AI"C:\Program Files (x86)\Reference Assemblies\Microsoft\Framework\.NETFramework\v4.0" /Zi /clr:pure /nologo /W3 /WX- /Od /Oy- /D WIN32 /D _DEBUG /D _UNICODE /D UNICODE /EHa /MDd /GS /fp:precise /Zc:wchar_t /Zc:forScope /Yu"StdAfx.h" /Fp"Debug\WordCloud.pch" /Fo"Debug\\" /Fd"Debug\vc100.pdb" /TP /FU"C:\Program Files (x86)\Reference Assemblies\Microsoft\Framework\.NETFramework\v4.0\System.Core.dll" /FU"C:\Program Files (x86)\Reference Assemblies\Microsoft\Framework\.NETFramework\v4.0\System.Data.dll" /FU"C:\Program Files (x86)\Reference Assemblies\Microsoft\Framework\.NETFramework\v4.0\System.dll" /FU"C:\Program Files (x86)\Reference Assemblies\Microsoft\Framework\.NETFramework\v4.0\System.Drawing.dll" /FU"C:\Program Files (x86)\Reference Assemblies\Microsoft\Framework\.NETFramework\v4.0\System.Windows.Forms.dll" /FU"C:\Program Files (x86)\Reference Assemblies\Microsoft\Framework\.NETFramework\v4.0\System.Xml.dll" /analyze- /errorReport:prompt WordCloud.cpp /clr:nostdlib 
         WordCloud.cpp
         All outputs are up-to-date.
       CoreResGen:
         All outputs are up-to-date.
       ResourceCompile:
         All outputs are up-to-date.
       Link:
         c:\Program Files (x86)\Microsoft Visual Studio 10.0\VC\bin\link.exe /ERRORREPORT:PROMPT /OUT:"C:\Users\Ruben Garza\Documents\Facultad\Tercero\Estructura de datos\WordCloud\Debug\WordCloud.exe" /INCREMENTAL /NOLOGO /ASSEMBLYRESOURCE:Debug\WordCloud.Form1.resources /MANIFEST /ManifestFile:"Debug\WordCloud.exe.intermediate.manifest" /MANIFESTUAC:"level='asInvoker' uiAccess='false'" /DEBUG /PDB:"C:\Users\Ruben Garza\Documents\Facultad\Tercero\Estructura de datos\WordCloud\Debug\WordCloud.pdb" /ASSEMBLYDEBUG /SUBSYSTEM:WINDOWS /TLBID:1 /ENTRY:"main" /DYNAMICBASE /FIXED:NO /NXCOMPAT /MACHINE:X86 Debug\app.res
         Debug\AssemblyInfo.obj
         Debug\stdafx.obj
         Debug\WordCloud.obj
         "Debug\.NETFramework,Version=v4.0.AssemblyAttributes.obj"
         WordCloud.vcxproj -> C:\Users\Ruben Garza\Documents\Facultad\Tercero\Estructura de datos\WordCloud\Debug\WordCloud.exe
       Manifest:
         C:\Program Files (x86)\Microsoft SDKs\Windows\v7.0A\bin\mt.exe /nologo /verbose /outputresource:"C:\Users\Ruben Garza\Documents\Facultad\Tercero\Estructura de datos\WordCloud\Debug\WordCloud.exe;#1" /manifest Debug\WordCloud.exe.intermediate.manifest
       FinalizeBuildStatus:
         Deleting file "Debug\WordCloud.unsuccessfulbuild".
         Touching "Debug\WordCloud.lastbuildstate".
     1>Done Building Project "C:\Users\Ruben Garza\Documents\Facultad\Tercero\Estructura de datos\WordCloud\WordCloud\WordCloud.vcxproj" (build target(s)).

Build succeeded.

Time Elapsed 00:00:04.36
